Zookeeper Amy arrives at the zoo Day 1.
Zookeeper Amy wakes up Dave the Dog.
Dave the Dog is now awake.
Zookeeper Amy roll calls Dave the Dog.
Dave the Dog is making noise.
Zookeeper Amy feeds Dave the Dog.
Dave the Dog is now eating.
Zookeeper Amy exercises Dave the Dog.
Dave the Dogis now roaming
Zookeeper Amy puts Dave the Dog to bed.
Dave the Dog is now sleeping.
Zookeeper Amy wakes up Willy the Wolf.
Willy the Wolf is now awake.
Zookeeper Amy roll calls Willy the Wolf.
Willy the Wolf is making noise.
Zookeeper Amy feeds Willy the Wolf.
Willy the Wolf is now eating.
Zookeeper Amy exercises Willy the Wolf.
Willy the Wolf is now roaming.
Zookeeper Amy puts Willy the Wolf to bed.
Willy the Wolf is now sleeping.
Zookeeper Amy wakes up Charlie the Cat.
Charlie the Cat is now awake.
Zookeeper Amy roll calls Charlie the Cat.
Charlie the Cat is making noise.
Zookeeper Amy feeds Charlie the Cat.
Charlie the Cat is now eating.
Zookeeper Amy exercises Charlie the Cat.
Charlie the Cat is now roaming.
Zookeeper Amy puts Charlie the Cat to bed.
Charlie the Cat is making noise.
Zookeeper Amy wakes up Leo the Lion.
Leo the Lion is now awake.
Zookeeper Amy roll calls Leo the Lion.
Leo the Lion is making noise.
Zookeeper Amy feeds Leo the Lion.
Leo the Lion is now eating.
Zookeeper Amy exercises Leo the Lion.
Leo the Lion is now roaming.
Zookeeper Amy puts Leo the Lion to bed.
Leo the Lion is now sleeping
Zookeeper Amy wakes up Tabitha the Tiger.
Tabitha the Tiger is now awake.
Zookeeper Amy roll calls Tabitha the Tiger.
Tabitha the Tiger is making noise.
Zookeeper Amy feeds Tabitha the Tiger.
Tabitha the Tiger is now eating.
Zookeeper Amy exercises Tabitha the Tiger.
Tabitha the Tiger is now roaming.
Zookeeper Amy puts Tabitha the Tiger to bed.
Tabitha the Tiger is now roaming.
Zookeeper Amy wakes up Carter the Crab.
Carter the Crab is now awake.
Zookeeper Amy roll calls Carter the Crab.
Carter the Crab is making noise.
Zookeeper Amy feeds Carter the Crab.
Carter the Crab is now eating.
Zookeeper Amy exercises Carter the Crab.
Carter the Crab is now roaming.
Zookeeper Amy puts Carter the Crab to bed.
Carter the Crab is now sleeping.
Zookeeper Amy wakes up Larry the Lobster.
Larry the Lobster is now awake.
Zookeeper Amy roll calls Larry the Lobster.
Larry the Lobster is making noise.
Zookeeper Amy feeds Larry the Lobster.
Larry the Lobster is now eating.
Zookeeper Amy exercises Larry the Lobster.
Larry the Lobster is now roaming.
Zookeeper Amy puts Larry the Lobster to bed.
Larry the Lobster is now sleeping.
Zookeeper Amy wakes up Ellie the Elephant.
Ellie the Elephant is now awake.
Zookeeper Amy roll calls Ellie the Elephant.
Ellie the Elephant is making noise.
Zookeeper Amy feeds Ellie the Elephant.
Ellie the Elephant is now eating.
Zookeeper Amy exercises Ellie the Elephant.
Ellie the Elephant is now charging
Zookeeper Amy puts Ellie the Elephant to bed.
Ellie the Elephant is now sleeping.
Zookeeper Amy wakes up Harry the Hippo.
Harry the Hippo is now awake.
Zookeeper Amy roll calls Harry the Hippo.
Harry the Hippo is making noise.
Zookeeper Amy feeds Harry the Hippo.
Harry the Hippo is now eating.
Zookeeper Amy exercises Harry the Hippo.
Harry the Hippo is now roaming
Zookeeper Amy puts Harry the Hippo to bed.
Harry the Hippo is now sleeping.
Zookeeper Amy wakes up Renald the Rhino.
Renald the Rhino is now awake.
Zookeeper Amy roll calls Renald the Rhino.
Renald the Rhino is making noise.
Zookeeper Amy feeds Renald the Rhino.
Renald the Rhino is now eating.
Zookeeper Amy exercises Renald the Rhino.
Renald the Rhino is now roaming
Zookeeper Amy puts Renald the Rhino to bed.
Renald the Rhino is now sleeping.
Zookeeper Amy left the zoo Day 1.
**************
Zookeeper Amy arrives at the zoo Day 2.
Zookeeper Amy wakes up Dave the Dog.
Dave the Dog is now awake.
Zookeeper Amy roll calls Dave the Dog.
Dave the Dog is making noise.
Zookeeper Amy feeds Dave the Dog.
Dave the Dog is now eating.
Zookeeper Amy exercises Dave the Dog.
Dave the Dogis now roaming
Zookeeper Amy puts Dave the Dog to bed.
Dave the Dog is now sleeping.
Zookeeper Amy wakes up Willy the Wolf.
Willy the Wolf is now awake.
Zookeeper Amy roll calls Willy the Wolf.
Willy the Wolf is making noise.
Zookeeper Amy feeds Willy the Wolf.
Willy the Wolf is now eating.
Zookeeper Amy exercises Willy the Wolf.
Willy the Wolf is now roaming.
Zookeeper Amy puts Willy the Wolf to bed.
Willy the Wolf is now sleeping.
Zookeeper Amy wakes up Charlie the Cat.
Charlie the Cat is now awake.
Zookeeper Amy roll calls Charlie the Cat.
Charlie the Cat is making noise.
Zookeeper Amy feeds Charlie the Cat.
Charlie the Cat is now eating.
Zookeeper Amy exercises Charlie the Cat.
Charlie the Cat is now roaming.
Zookeeper Amy puts Charlie the Cat to bed.
Charlie the Cat is now sleeping
Zookeeper Amy wakes up Leo the Lion.
Leo the Lion is now awake.
Zookeeper Amy roll calls Leo the Lion.
Leo the Lion is making noise.
Zookeeper Amy feeds Leo the Lion.
Leo the Lion is now eating.
Zookeeper Amy exercises Leo the Lion.
Leo the Lion is now roaming.
Zookeeper Amy puts Leo the Lion to bed.
Leo the Lion is making noise.
Zookeeper Amy wakes up Tabitha the Tiger.
Tabitha the Tiger is now awake.
Zookeeper Amy roll calls Tabitha the Tiger.
Tabitha the Tiger is making noise.
Zookeeper Amy feeds Tabitha the Tiger.
Tabitha the Tiger is now eating.
Zookeeper Amy exercises Tabitha the Tiger.
Tabitha the Tiger is now roaming.
Zookeeper Amy puts Tabitha the Tiger to bed.
Tabitha the Tiger is making noise.
Zookeeper Amy wakes up Carter the Crab.
Carter the Crab is now awake.
Zookeeper Amy roll calls Carter the Crab.
Carter the Crab is making noise.
Zookeeper Amy feeds Carter the Crab.
Carter the Crab is now eating.
Zookeeper Amy exercises Carter the Crab.
Carter the Crab is now roaming.
Zookeeper Amy puts Carter the Crab to bed.
Carter the Crab is now sleeping.
Zookeeper Amy wakes up Larry the Lobster.
Larry the Lobster is now awake.
Zookeeper Amy roll calls Larry the Lobster.
Larry the Lobster is making noise.
Zookeeper Amy feeds Larry the Lobster.
Larry the Lobster is now eating.
Zookeeper Amy exercises Larry the Lobster.
Larry the Lobster is now roaming.
Zookeeper Amy puts Larry the Lobster to bed.
Larry the Lobster is now sleeping.
Zookeeper Amy wakes up Ellie the Elephant.
Ellie the Elephant is now awake.
Zookeeper Amy roll calls Ellie the Elephant.
Ellie the Elephant is making noise.
Zookeeper Amy feeds Ellie the Elephant.
Ellie the Elephant is now eating.
Zookeeper Amy exercises Ellie the Elephant.
Ellie the Elephant is now charging
Zookeeper Amy puts Ellie the Elephant to bed.
Ellie the Elephant is now sleeping.
Zookeeper Amy wakes up Harry the Hippo.
Harry the Hippo is now awake.
Zookeeper Amy roll calls Harry the Hippo.
Harry the Hippo is making noise.
Zookeeper Amy feeds Harry the Hippo.
Harry the Hippo is now eating.
Zookeeper Amy exercises Harry the Hippo.
Harry the Hippo is now charging
Zookeeper Amy puts Harry the Hippo to bed.
Harry the Hippo is now sleeping.
Zookeeper Amy wakes up Renald the Rhino.
Renald the Rhino is now awake.
Zookeeper Amy roll calls Renald the Rhino.
Renald the Rhino is making noise.
Zookeeper Amy feeds Renald the Rhino.
Renald the Rhino is now eating.
Zookeeper Amy exercises Renald the Rhino.
Renald the Rhino is now roaming
Zookeeper Amy puts Renald the Rhino to bed.
Renald the Rhino is now sleeping.
Zookeeper Amy left the zoo Day 2.
**************
Zookeeper Amy arrives at the zoo Day 3.
Zookeeper Amy wakes up Dave the Dog.
Dave the Dog is now awake.
Zookeeper Amy roll calls Dave the Dog.
Dave the Dog is making noise.
Zookeeper Amy feeds Dave the Dog.
Dave the Dog is now eating.
Zookeeper Amy exercises Dave the Dog.
Dave the Dogis now roaming
Zookeeper Amy puts Dave the Dog to bed.
Dave the Dog is now sleeping.
Zookeeper Amy wakes up Willy the Wolf.
Willy the Wolf is now awake.
Zookeeper Amy roll calls Willy the Wolf.
Willy the Wolf is making noise.
Zookeeper Amy feeds Willy the Wolf.
Willy the Wolf is now eating.
Zookeeper Amy exercises Willy the Wolf.
Willy the Wolf is now roaming.
Zookeeper Amy puts Willy the Wolf to bed.
Willy the Wolf is now sleeping.
Zookeeper Amy wakes up Charlie the Cat.
Charlie the Cat is now awake.
Zookeeper Amy roll calls Charlie the Cat.
Charlie the Cat is making noise.
Zookeeper Amy feeds Charlie the Cat.
Charlie the Cat is now eating.
Zookeeper Amy exercises Charlie the Cat.
Charlie the Cat is now roaming.
Zookeeper Amy puts Charlie the Cat to bed.
Charlie the Cat is now sleeping
Zookeeper Amy wakes up Leo the Lion.
Leo the Lion is now awake.
Zookeeper Amy roll calls Leo the Lion.
Leo the Lion is making noise.
Zookeeper Amy feeds Leo the Lion.
Leo the Lion is now eating.
Zookeeper Amy exercises Leo the Lion.
Leo the Lion is now roaming.
Zookeeper Amy puts Leo the Lion to bed.
Leo the Lion is now roaming.
Zookeeper Amy wakes up Tabitha the Tiger.
Tabitha the Tiger is now awake.
Zookeeper Amy roll calls Tabitha the Tiger.
Tabitha the Tiger is making noise.
Zookeeper Amy feeds Tabitha the Tiger.
Tabitha the Tiger is now eating.
Zookeeper Amy exercises Tabitha the Tiger.
Tabitha the Tiger is now roaming.
Zookeeper Amy puts Tabitha the Tiger to bed.
Tabitha the Tiger is now roaming.
Zookeeper Amy wakes up Carter the Crab.
Carter the Crab is now awake.
Zookeeper Amy roll calls Carter the Crab.
Carter the Crab is making noise.
Zookeeper Amy feeds Carter the Crab.
Carter the Crab is now eating.
Zookeeper Amy exercises Carter the Crab.
Carter the Crab is now roaming.
Zookeeper Amy puts Carter the Crab to bed.
Carter the Crab is now sleeping.
Zookeeper Amy wakes up Larry the Lobster.
Larry the Lobster is now awake.
Zookeeper Amy roll calls Larry the Lobster.
Larry the Lobster is making noise.
Zookeeper Amy feeds Larry the Lobster.
Larry the Lobster is now eating.
Zookeeper Amy exercises Larry the Lobster.
Larry the Lobster is now roaming.
Zookeeper Amy puts Larry the Lobster to bed.
Larry the Lobster is now sleeping.
Zookeeper Amy wakes up Ellie the Elephant.
Ellie the Elephant is now awake.
Zookeeper Amy roll calls Ellie the Elephant.
Ellie the Elephant is making noise.
Zookeeper Amy feeds Ellie the Elephant.
Ellie the Elephant is now eating.
Zookeeper Amy exercises Ellie the Elephant.
Ellie the Elephant is now charging
Zookeeper Amy puts Ellie the Elephant to bed.
Ellie the Elephant is now sleeping.
Zookeeper Amy wakes up Harry the Hippo.
Harry the Hippo is now awake.
Zookeeper Amy roll calls Harry the Hippo.
Harry the Hippo is making noise.
Zookeeper Amy feeds Harry the Hippo.
Harry the Hippo is now eating.
Zookeeper Amy exercises Harry the Hippo.
Harry the Hippo is now roaming
Zookeeper Amy puts Harry the Hippo to bed.
Harry the Hippo is now sleeping.
Zookeeper Amy wakes up Renald the Rhino.
Renald the Rhino is now awake.
Zookeeper Amy roll calls Renald the Rhino.
Renald the Rhino is making noise.
Zookeeper Amy feeds Renald the Rhino.
Renald the Rhino is now eating.
Zookeeper Amy exercises Renald the Rhino.
Renald the Rhino is now roaming
Zookeeper Amy puts Renald the Rhino to bed.
Renald the Rhino is now sleeping.
Zookeeper Amy left the zoo Day 3.
**************
Zookeeper Amy arrives at the zoo Day 4.
Zookeeper Amy wakes up Dave the Dog.
Dave the Dog is now awake.
Zookeeper Amy roll calls Dave the Dog.
Dave the Dog is making noise.
Zookeeper Amy feeds Dave the Dog.
Dave the Dog is now eating.
Zookeeper Amy exercises Dave the Dog.
Dave the Dogis now roaming
Zookeeper Amy puts Dave the Dog to bed.
Dave the Dog is now sleeping.
Zookeeper Amy wakes up Willy the Wolf.
Willy the Wolf is now awake.
Zookeeper Amy roll calls Willy the Wolf.
Willy the Wolf is making noise.
Zookeeper Amy feeds Willy the Wolf.
Willy the Wolf is now eating.
Zookeeper Amy exercises Willy the Wolf.
Willy the Wolf is now roaming.
Zookeeper Amy puts Willy the Wolf to bed.
Willy the Wolf is now sleeping.
Zookeeper Amy wakes up Charlie the Cat.
Charlie the Cat is now awake.
Zookeeper Amy roll calls Charlie the Cat.
Charlie the Cat is making noise.
Zookeeper Amy feeds Charlie the Cat.
Charlie the Cat is now eating.
Zookeeper Amy exercises Charlie the Cat.
Charlie the Cat is now roaming.
Zookeeper Amy puts Charlie the Cat to bed.
Charlie the Cat is now roaming.
Zookeeper Amy wakes up Leo the Lion.
Leo the Lion is now awake.
Zookeeper Amy roll calls Leo the Lion.
Leo the Lion is making noise.
Zookeeper Amy feeds Leo the Lion.
Leo the Lion is now eating.
Zookeeper Amy exercises Leo the Lion.
Leo the Lion is now roaming.
Zookeeper Amy puts Leo the Lion to bed.
Leo the Lion is now roaming.
Zookeeper Amy wakes up Tabitha the Tiger.
Tabitha the Tiger is now awake.
Zookeeper Amy roll calls Tabitha the Tiger.
Tabitha the Tiger is making noise.
Zookeeper Amy feeds Tabitha the Tiger.
Tabitha the Tiger is now eating.
Zookeeper Amy exercises Tabitha the Tiger.
Tabitha the Tiger is now roaming.
Zookeeper Amy puts Tabitha the Tiger to bed.
Tabitha the Tiger is now sleeping
Zookeeper Amy wakes up Carter the Crab.
Carter the Crab is now awake.
Zookeeper Amy roll calls Carter the Crab.
Carter the Crab is making noise.
Zookeeper Amy feeds Carter the Crab.
Carter the Crab is now eating.
Zookeeper Amy exercises Carter the Crab.
Carter the Crab is now roaming.
Zookeeper Amy puts Carter the Crab to bed.
Carter the Crab is now sleeping.
Zookeeper Amy wakes up Larry the Lobster.
Larry the Lobster is now awake.
Zookeeper Amy roll calls Larry the Lobster.
Larry the Lobster is making noise.
Zookeeper Amy feeds Larry the Lobster.
Larry the Lobster is now eating.
Zookeeper Amy exercises Larry the Lobster.
Larry the Lobster is now roaming.
Zookeeper Amy puts Larry the Lobster to bed.
Larry the Lobster is now sleeping.
Zookeeper Amy wakes up Ellie the Elephant.
Ellie the Elephant is now awake.
Zookeeper Amy roll calls Ellie the Elephant.
Ellie the Elephant is making noise.
Zookeeper Amy feeds Ellie the Elephant.
Ellie the Elephant is now eating.
Zookeeper Amy exercises Ellie the Elephant.
Ellie the Elephant is now roaming
Zookeeper Amy puts Ellie the Elephant to bed.
Ellie the Elephant is now sleeping.
Zookeeper Amy wakes up Harry the Hippo.
Harry the Hippo is now awake.
Zookeeper Amy roll calls Harry the Hippo.
Harry the Hippo is making noise.
Zookeeper Amy feeds Harry the Hippo.
Harry the Hippo is now eating.
Zookeeper Amy exercises Harry the Hippo.
Harry the Hippo is now roaming
Zookeeper Amy puts Harry the Hippo to bed.
Harry the Hippo is now sleeping.
Zookeeper Amy wakes up Renald the Rhino.
Renald the Rhino is now awake.
Zookeeper Amy roll calls Renald the Rhino.
Renald the Rhino is making noise.
Zookeeper Amy feeds Renald the Rhino.
Renald the Rhino is now eating.
Zookeeper Amy exercises Renald the Rhino.
Renald the Rhino is now roaming
Zookeeper Amy puts Renald the Rhino to bed.
Renald the Rhino is now sleeping.
Zookeeper Amy left the zoo Day 4.
**************
Zookeeper Amy arrives at the zoo Day 5.
Zookeeper Amy wakes up Dave the Dog.
Dave the Dog is now awake.
Zookeeper Amy roll calls Dave the Dog.
Dave the Dog is making noise.
Zookeeper Amy feeds Dave the Dog.
Dave the Dog is now eating.
Zookeeper Amy exercises Dave the Dog.
Dave the Dogis now roaming
Zookeeper Amy puts Dave the Dog to bed.
Dave the Dog is now sleeping.
Zookeeper Amy wakes up Willy the Wolf.
Willy the Wolf is now awake.
Zookeeper Amy roll calls Willy the Wolf.
Willy the Wolf is making noise.
Zookeeper Amy feeds Willy the Wolf.
Willy the Wolf is now eating.
Zookeeper Amy exercises Willy the Wolf.
Willy the Wolf is now roaming.
Zookeeper Amy puts Willy the Wolf to bed.
Willy the Wolf is now sleeping.
Zookeeper Amy wakes up Charlie the Cat.
Charlie the Cat is now awake.
Zookeeper Amy roll calls Charlie the Cat.
Charlie the Cat is making noise.
Zookeeper Amy feeds Charlie the Cat.
Charlie the Cat is now eating.
Zookeeper Amy exercises Charlie the Cat.
Charlie the Cat is now roaming.
Zookeeper Amy puts Charlie the Cat to bed.
Charlie the Cat is making noise.
Zookeeper Amy wakes up Leo the Lion.
Leo the Lion is now awake.
Zookeeper Amy roll calls Leo the Lion.
Leo the Lion is making noise.
Zookeeper Amy feeds Leo the Lion.
Leo the Lion is now eating.
Zookeeper Amy exercises Leo the Lion.
Leo the Lion is now roaming.
Zookeeper Amy puts Leo the Lion to bed.
Leo the Lion is now roaming.
Zookeeper Amy wakes up Tabitha the Tiger.
Tabitha the Tiger is now awake.
Zookeeper Amy roll calls Tabitha the Tiger.
Tabitha the Tiger is making noise.
Zookeeper Amy feeds Tabitha the Tiger.
Tabitha the Tiger is now eating.
Zookeeper Amy exercises Tabitha the Tiger.
Tabitha the Tiger is now roaming.
Zookeeper Amy puts Tabitha the Tiger to bed.
Tabitha the Tiger is making noise.
Zookeeper Amy wakes up Carter the Crab.
Carter the Crab is now awake.
Zookeeper Amy roll calls Carter the Crab.
Carter the Crab is making noise.
Zookeeper Amy feeds Carter the Crab.
Carter the Crab is now eating.
Zookeeper Amy exercises Carter the Crab.
Carter the Crab is now roaming.
Zookeeper Amy puts Carter the Crab to bed.
Carter the Crab is now sleeping.
Zookeeper Amy wakes up Larry the Lobster.
Larry the Lobster is now awake.
Zookeeper Amy roll calls Larry the Lobster.
Larry the Lobster is making noise.
Zookeeper Amy feeds Larry the Lobster.
Larry the Lobster is now eating.
Zookeeper Amy exercises Larry the Lobster.
Larry the Lobster is now roaming.
Zookeeper Amy puts Larry the Lobster to bed.
Larry the Lobster is now sleeping.
Zookeeper Amy wakes up Ellie the Elephant.
Ellie the Elephant is now awake.
Zookeeper Amy roll calls Ellie the Elephant.
Ellie the Elephant is making noise.
Zookeeper Amy feeds Ellie the Elephant.
Ellie the Elephant is now eating.
Zookeeper Amy exercises Ellie the Elephant.
Ellie the Elephant is now roaming
Zookeeper Amy puts Ellie the Elephant to bed.
Ellie the Elephant is now sleeping.
Zookeeper Amy wakes up Harry the Hippo.
Harry the Hippo is now awake.
Zookeeper Amy roll calls Harry the Hippo.
Harry the Hippo is making noise.
Zookeeper Amy feeds Harry the Hippo.
Harry the Hippo is now eating.
Zookeeper Amy exercises Harry the Hippo.
Harry the Hippo is now roaming
Zookeeper Amy puts Harry the Hippo to bed.
Harry the Hippo is now sleeping.
Zookeeper Amy wakes up Renald the Rhino.
Renald the Rhino is now awake.
Zookeeper Amy roll calls Renald the Rhino.
Renald the Rhino is making noise.
Zookeeper Amy feeds Renald the Rhino.
Renald the Rhino is now eating.
Zookeeper Amy exercises Renald the Rhino.
Renald the Rhino is now roaming
Zookeeper Amy puts Renald the Rhino to bed.
Renald the Rhino is now sleeping.
Zookeeper Amy left the zoo Day 5.
**************
Zookeeper Amy arrives at the zoo Day 6.
Zookeeper Amy wakes up Dave the Dog.
Dave the Dog is now awake.
Zookeeper Amy roll calls Dave the Dog.
Dave the Dog is making noise.
Zookeeper Amy feeds Dave the Dog.
Dave the Dog is now eating.
Zookeeper Amy exercises Dave the Dog.
Dave the Dogis now roaming
Zookeeper Amy puts Dave the Dog to bed.
Dave the Dog is now sleeping.
Zookeeper Amy wakes up Willy the Wolf.
Willy the Wolf is now awake.
Zookeeper Amy roll calls Willy the Wolf.
Willy the Wolf is making noise.
Zookeeper Amy feeds Willy the Wolf.
Willy the Wolf is now eating.
Zookeeper Amy exercises Willy the Wolf.
Willy the Wolf is now roaming.
Zookeeper Amy puts Willy the Wolf to bed.
Willy the Wolf is now sleeping.
Zookeeper Amy wakes up Charlie the Cat.
Charlie the Cat is now awake.
Zookeeper Amy roll calls Charlie the Cat.
Charlie the Cat is making noise.
Zookeeper Amy feeds Charlie the Cat.
Charlie the Cat is now eating.
Zookeeper Amy exercises Charlie the Cat.
Charlie the Cat is now roaming.
Zookeeper Amy puts Charlie the Cat to bed.
Charlie the Cat is now sleeping
Zookeeper Amy wakes up Leo the Lion.
Leo the Lion is now awake.
Zookeeper Amy roll calls Leo the Lion.
Leo the Lion is making noise.
Zookeeper Amy feeds Leo the Lion.
Leo the Lion is now eating.
Zookeeper Amy exercises Leo the Lion.
Leo the Lion is now roaming.
Zookeeper Amy puts Leo the Lion to bed.
Leo the Lion is now roaming.
Zookeeper Amy wakes up Tabitha the Tiger.
Tabitha the Tiger is now awake.
Zookeeper Amy roll calls Tabitha the Tiger.
Tabitha the Tiger is making noise.
Zookeeper Amy feeds Tabitha the Tiger.
Tabitha the Tiger is now eating.
Zookeeper Amy exercises Tabitha the Tiger.
Tabitha the Tiger is now roaming.
Zookeeper Amy puts Tabitha the Tiger to bed.
Tabitha the Tiger is now sleeping
Zookeeper Amy wakes up Carter the Crab.
Carter the Crab is now awake.
Zookeeper Amy roll calls Carter the Crab.
Carter the Crab is making noise.
Zookeeper Amy feeds Carter the Crab.
Carter the Crab is now eating.
Zookeeper Amy exercises Carter the Crab.
Carter the Crab is now roaming.
Zookeeper Amy puts Carter the Crab to bed.
Carter the Crab is now sleeping.
Zookeeper Amy wakes up Larry the Lobster.
Larry the Lobster is now awake.
Zookeeper Amy roll calls Larry the Lobster.
Larry the Lobster is making noise.
Zookeeper Amy feeds Larry the Lobster.
Larry the Lobster is now eating.
Zookeeper Amy exercises Larry the Lobster.
Larry the Lobster is now roaming.
Zookeeper Amy puts Larry the Lobster to bed.
Larry the Lobster is now sleeping.
Zookeeper Amy wakes up Ellie the Elephant.
Ellie the Elephant is now awake.
Zookeeper Amy roll calls Ellie the Elephant.
Ellie the Elephant is making noise.
Zookeeper Amy feeds Ellie the Elephant.
Ellie the Elephant is now eating.
Zookeeper Amy exercises Ellie the Elephant.
Ellie the Elephant is now roaming
Zookeeper Amy puts Ellie the Elephant to bed.
Ellie the Elephant is now sleeping.
Zookeeper Amy wakes up Harry the Hippo.
Harry the Hippo is now awake.
Zookeeper Amy roll calls Harry the Hippo.
Harry the Hippo is making noise.
Zookeeper Amy feeds Harry the Hippo.
Harry the Hippo is now eating.
Zookeeper Amy exercises Harry the Hippo.
Harry the Hippo is now roaming
Zookeeper Amy puts Harry the Hippo to bed.
Harry the Hippo is now sleeping.
Zookeeper Amy wakes up Renald the Rhino.
Renald the Rhino is now awake.
Zookeeper Amy roll calls Renald the Rhino.
Renald the Rhino is making noise.
Zookeeper Amy feeds Renald the Rhino.
Renald the Rhino is now eating.
Zookeeper Amy exercises Renald the Rhino.
Renald the Rhino is now roaming
Zookeeper Amy puts Renald the Rhino to bed.
Renald the Rhino is now sleeping.
Zookeeper Amy left the zoo Day 6.
**************
Zookeeper Amy arrives at the zoo Day 7.
Zookeeper Amy wakes up Dave the Dog.
Dave the Dog is now awake.
Zookeeper Amy roll calls Dave the Dog.
Dave the Dog is making noise.
Zookeeper Amy feeds Dave the Dog.
Dave the Dog is now eating.
Zookeeper Amy exercises Dave the Dog.
Dave the Dogis now digging
Zookeeper Amy puts Dave the Dog to bed.
Dave the Dog is now sleeping.
Zookeeper Amy wakes up Willy the Wolf.
Willy the Wolf is now awake.
Zookeeper Amy roll calls Willy the Wolf.
Willy the Wolf is making noise.
Zookeeper Amy feeds Willy the Wolf.
Willy the Wolf is now eating.
Zookeeper Amy exercises Willy the Wolf.
Willy the Wolf is now roaming.
Zookeeper Amy puts Willy the Wolf to bed.
Willy the Wolf is now sleeping.
Zookeeper Amy wakes up Charlie the Cat.
Charlie the Cat is now awake.
Zookeeper Amy roll calls Charlie the Cat.
Charlie the Cat is making noise.
Zookeeper Amy feeds Charlie the Cat.
Charlie the Cat is now eating.
Zookeeper Amy exercises Charlie the Cat.
Charlie the Cat is now roaming.
Zookeeper Amy puts Charlie the Cat to bed.
Charlie the Cat is now sleeping
Zookeeper Amy wakes up Leo the Lion.
Leo the Lion is now awake.
Zookeeper Amy roll calls Leo the Lion.
Leo the Lion is making noise.
Zookeeper Amy feeds Leo the Lion.
Leo the Lion is now eating.
Zookeeper Amy exercises Leo the Lion.
Leo the Lion is now roaming.
Zookeeper Amy puts Leo the Lion to bed.
Leo the Lion is making noise.
Zookeeper Amy wakes up Tabitha the Tiger.
Tabitha the Tiger is now awake.
Zookeeper Amy roll calls Tabitha the Tiger.
Tabitha the Tiger is making noise.
Zookeeper Amy feeds Tabitha the Tiger.
Tabitha the Tiger is now eating.
Zookeeper Amy exercises Tabitha the Tiger.
Tabitha the Tiger is now roaming.
Zookeeper Amy puts Tabitha the Tiger to bed.
Tabitha the Tiger is now roaming.
Zookeeper Amy wakes up Carter the Crab.
Carter the Crab is now awake.
Zookeeper Amy roll calls Carter the Crab.
Carter the Crab is making noise.
Zookeeper Amy feeds Carter the Crab.
Carter the Crab is now eating.
Zookeeper Amy exercises Carter the Crab.
Carter the Crab is now roaming.
Zookeeper Amy puts Carter the Crab to bed.
Carter the Crab is now sleeping.
Zookeeper Amy wakes up Larry the Lobster.
Larry the Lobster is now awake.
Zookeeper Amy roll calls Larry the Lobster.
Larry the Lobster is making noise.
Zookeeper Amy feeds Larry the Lobster.
Larry the Lobster is now eating.
Zookeeper Amy exercises Larry the Lobster.
Larry the Lobster is now roaming.
Zookeeper Amy puts Larry the Lobster to bed.
Larry the Lobster is now sleeping.
Zookeeper Amy wakes up Ellie the Elephant.
Ellie the Elephant is now awake.
Zookeeper Amy roll calls Ellie the Elephant.
Ellie the Elephant is making noise.
Zookeeper Amy feeds Ellie the Elephant.
Ellie the Elephant is now eating.
Zookeeper Amy exercises Ellie the Elephant.
Ellie the Elephant is now charging
Zookeeper Amy puts Ellie the Elephant to bed.
Ellie the Elephant is now sleeping.
Zookeeper Amy wakes up Harry the Hippo.
Harry the Hippo is now awake.
Zookeeper Amy roll calls Harry the Hippo.
Harry the Hippo is making noise.
Zookeeper Amy feeds Harry the Hippo.
Harry the Hippo is now eating.
Zookeeper Amy exercises Harry the Hippo.
Harry the Hippo is now charging
Zookeeper Amy puts Harry the Hippo to bed.
Harry the Hippo is now sleeping.
Zookeeper Amy wakes up Renald the Rhino.
Renald the Rhino is now awake.
Zookeeper Amy roll calls Renald the Rhino.
Renald the Rhino is making noise.
Zookeeper Amy feeds Renald the Rhino.
Renald the Rhino is now eating.
Zookeeper Amy exercises Renald the Rhino.
Renald the Rhino is now roaming
Zookeeper Amy puts Renald the Rhino to bed.
Renald the Rhino is now sleeping.
Zookeeper Amy left the zoo Day 7.
**************
